Command line:
   inp_isim.exe
     -simmode  gui
     -simrunnum  0
     -socket  1295

Mon Dec 16 17:51:41 2019


 Elaboration Time: 0.060087 sec

 Current Memory Usage: 482.82 Meg

 Total Signals          : 471
 Total Nets             : 68669
 Total Signal Drivers   : 249
 Total Blocks           : 33
 Total Primitive Blocks : 25
 Total Processes        : 145
 Total Traceable Variables  : 166
 Total Scalar Nets and Variables : 74117
Total Line Count : 1187

 Total Simulation Time: 4.64668 sec

 Current Memory Usage: 482.82 Meg

Mon Dec 16 17:51:50 2019

